Mon May  5 17:01:18 UTC 2025
Mon May  5 17:20:27 UTC 2025
Tue May  6 01:44:34 UTC 2025
Wed May  7 01:45:08 UTC 2025
Thu May  8 01:45:22 UTC 2025
Fri May  9 01:44:50 UTC 2025
Sat May 10 01:40:50 UTC 2025
Sun May 11 01:50:17 UTC 2025
Mon May 12 01:48:50 UTC 2025
Tue May 13 01:46:17 UTC 2025
Wed May 14 01:45:07 UTC 2025
Thu May 15 01:43:06 UTC 2025
Fri May 16 01:46:30 UTC 2025
Sat May 17 01:43:12 UTC 2025
Sun May 18 01:51:35 UTC 2025
Mon May 19 01:50:48 UTC 2025
Tue May 20 01:47:05 UTC 2025
Wed May 21 01:46:28 UTC 2025
Thu May 22 01:45:43 UTC 2025
Fri May 23 01:45:51 UTC 2025
Sat May 24 01:41:59 UTC 2025
Sun May 25 01:54:09 UTC 2025
Mon May 26 01:49:20 UTC 2025
Tue May 27 01:45:11 UTC 2025
Wed May 28 01:47:01 UTC 2025
Thu May 29 01:46:44 UTC 2025
Fri May 30 01:44:24 UTC 2025
Sat May 31 01:44:01 UTC 2025
Sun Jun  1 02:04:13 UTC 2025
Mon Jun  2 01:51:54 UTC 2025
Tue Jun  3 01:48:37 UTC 2025
Wed Jun  4 01:48:47 UTC 2025
Thu Jun  5 01:47:36 UTC 2025
Fri Jun  6 01:46:54 UTC 2025
Sat Jun  7 01:46:15 UTC 2025
Sun Jun  8 01:56:21 UTC 2025
Mon Jun  9 01:54:06 UTC 2025
Tue Jun 10 01:49:54 UTC 2025
Wed Jun 11 01:49:17 UTC 2025
